<?xml version="1.0" encoding="UTF-8"?>
<testsuite xmlns:xsi="http://www.w3.org/2001/XMLSchema-instance" xsi:noNamespaceSchemaLocation="https://maven.apache.org/surefire/maven-surefire-plugin/xsd/surefire-test-report-3.0.xsd" version="3.0" name="ThirdSemesterExercises.Backend.Week6Year2024.Day1.Exercise1.MovieControllerTest" time="2.579" tests="7" errors="0" skipped="0" failures="0">
  <properties>
[...]
</properties>
  <testcase name="getConnection" classname="ThirdSemesterExercises.Backend.Week6Year2024.Day1.Exercise1.MovieControllerTest" time="0.617"/>
  <testcase name="getMovieRatingsAscending" classname="ThirdSemesterExercises.Backend.Week6Year2024.Day1.Exercise1.MovieControllerTest" time="0.007"/>
  <testcase name="getMovieRatingByMax" classname="ThirdSemesterExercises.Backend.Week6Year2024.Day1.Exercise1.MovieControllerTest" time="0.002"/>
  <testcase name="getMovieRatingByMin" classname="ThirdSemesterExercises.Backend.Week6Year2024.Day1.Exercise1.MovieControllerTest" time="0.001"/>
  <testcase name="getPopularMovies" classname="ThirdSemesterExercises.Backend.Week6Year2024.Day1.Exercise1.MovieControllerTest" time="0.191"/>
  <testcase name="findMovieById" classname="ThirdSemesterExercises.Backend.Week6Year2024.Day1.Exercise1.MovieControllerTest" time="1.737">
    <system-out><![CDATA[!!!{"movie_results":[{"adult":false,"backdrop_path":"/kXfqcdQKsToO0OUXHcrrNCHDBzO.jpg","id":278,"title":"The Shawshank Redemption","original_language":"en","original_title":"The Shawshank Redemption","overview":"Framed in the 1940s for the double murder of his wife and her lover, upstanding banker Andy Dufresne begins a new life at the Shawshank prison, where he puts his accounting skills to work for an amoral warden. During his long stretch in prison, Dufresne comes to be admired by the other inmates -- including an older prisoner named Red -- for his integrity and unquenchable sense of hope.","poster_path":"/q6y0Go1tsGEsmtFryDOJo3dEmqu.jpg","media_type":"movie","genre_ids":[18,80],"popularity":155.042,"release_date":"1994-09-23","video":false,"vote_average":8.704,"vote_count":25610}],"person_results":[],"tv_results":[],"tv_episode_results":[],"tv_season_results":[]}
!!!{"movie_results":[{"adult":false,"backdrop_path":"/tmU7GeKVybMWFButWEGl2M4GeiP.jpg","id":238,"title":"The Godfather","original_language":"en","original_title":"The Godfather","overview":"Spanning the years 1945 to 1955, a chronicle of the fictional Italian-American Corleone crime family. When organized crime family patriarch, Vito Corleone barely survives an attempt on his life, his youngest son, Michael steps in to take care of the would-be killers, launching a campaign of bloody revenge.","poster_path":"/3bhkrj58Vtu7enYsRolD1fZdja1.jpg","media_type":"movie","genre_ids":[18,80],"popularity":147.344,"release_date":"1972-03-14","video":false,"vote_average":8.696,"vote_count":19484}],"person_results":[],"tv_results":[],"tv_episode_results":[],"tv_season_results":[]}
!!!{"movie_results":[{"adult":false,"backdrop_path":"/nMKdUUepR0i5zn0y1T4CsSB5chy.jpg","id":155,"title":"The Dark Knight","original_language":"en","original_title":"The Dark Knight","overview":"Batman raises the stakes in his war on crime. With the help of Lt. Jim Gordon and District Attorney Harvey Dent, Batman sets out to dismantle the remaining criminal organizations that plague the streets. The partnership proves to be effective, but they soon find themselves prey to a reign of chaos unleashed by a rising criminal mastermind known to the terrified citizens of Gotham as the Joker.","poster_path":"/qJ2tW6WMUDux911r6m7haRef0WH.jpg","media_type":"movie","genre_ids":[18,28,80,53],"popularity":114.135,"release_date":"2008-07-16","video":false,"vote_average":8.515,"vote_count":31466}],"person_results":[],"tv_results":[],"tv_episode_results":[],"tv_season_results":[]}
!!!{"movie_results":[{"adult":false,"backdrop_path":"/kGzFbGhp99zva6oZODW5atUtnqi.jpg","id":240,"title":"The Godfather Part II","original_language":"en","original_title":"The Godfather Part II","overview":"In the continuing saga of the Corleone crime family, a young Vito Corleone grows up in Sicily and in 1910s New York. In the 1950s, Michael Corleone attempts to expand the family business into Las Vegas, Hollywood and Cuba.","poster_path":"/hek3koDUyRQk7FIhPXsa6mT2Zc3.jpg","media_type":"movie","genre_ids":[18,80],"popularity":77.002,"release_date":"1974-12-20","video":false,"vote_average":8.578,"vote_count":11765}],"person_results":[],"tv_results":[],"tv_episode_results":[],"tv_season_results":[]}
!!!{"movie_results":[{"adult":false,"backdrop_path":"/2u7zbn8EudG6kLlBzUYqP8RyFU4.jpg","id":122,"title":"The Lord of the Rings: The Return of the King","original_language":"en","original_title":"The Lord of the Rings: The Return of the King","overview":"Aragorn is revealed as the heir to the ancient kings as he, Gandalf and the other members of the broken fellowship struggle to save Gondor from Sauron's forces. Meanwhile, Frodo and Sam take the ring closer to the heart of Mordor, the dark lord's realm.","poster_path":"/rCzpDGLbOoPwLjy3OAm5NUPOTrC.jpg","media_type":"movie","genre_ids":[12,14,28],"popularity":113.517,"release_date":"2003-12-01","video":false,"vote_average":8.477,"vote_count":23039}],"person_results":[],"tv_results":[],"tv_episode_results":[],"tv_season_results":[]}
!!!{"movie_results":[{"adult":false,"backdrop_path":"/suaEOtk1N1sgg2MTM7oZd2cfVp3.jpg","id":680,"title":"Pulp Fiction","original_language":"en","original_title":"Pulp Fiction","overview":"A burger-loving hit man, his philosophical partner, a drug-addled gangster's moll and a washed-up boxer converge in this sprawling, comedic crime caper. Their adventures unfurl in three stories that ingeniously trip back and forth in time.","poster_path":"/d5iIlFn5s0ImszYzBPb8JPIfbXD.jpg","media_type":"movie","genre_ids":[53,80],"popularity":115.899,"release_date":"1994-09-10","video":false,"vote_average":8.489,"vote_count":26660}],"person_results":[],"tv_results":[],"tv_episode_results":[],"tv_season_results":[]}
!!!{"movie_results":[{"adult":false,"backdrop_path":"/qqHQsStV6exghCM7zbObuYBiYxw.jpg","id":389,"title":"12 Angry Men","original_language":"en","original_title":"12 Angry Men","overview":"The defense and the prosecution have rested and the jury is filing into the jury room to decide if a young Spanish-American is guilty or innocent of murdering his father. What begins as an open and shut case soon becomes a mini-drama of each of the jurors' prejudices and preconceptions about the trial, the accused, and each other.","poster_path":"/ow3wq89wM8qd5X7hWKxiRfsFf9C.jpg","media_type":"movie","genre_ids":[18],"popularity":61.675,"release_date":"1957-04-10","video":false,"vote_average":8.537,"vote_count":8056}],"person_results":[],"tv_results":[],"tv_episode_results":[],"tv_season_results":[]}
!!!{"movie_results":[{"adult":false,"backdrop_path":"/x4biAVdPVCghBlsVIzB6NmbghIz.jpg","id":429,"title":"The Good, the Bad and the Ugly","original_language":"it","original_title":"Il buono, il brutto, il cattivo","overview":"While the Civil War rages on between the Union and the Confederacy, three men – a quiet loner, a ruthless hitman, and a Mexican bandit – comb the American Southwest in search of a strongbox containing $200,000 in stolen gold.","poster_path":"/bX2xnavhMYjWDoZp1VM6VnU1xwe.jpg","media_type":"movie","genre_ids":[37],"popularity":74.391,"release_date":"1966-12-22","video":false,"vote_average":8.466,"vote_count":8082}],"person_results":[],"tv_results":[],"tv_episode_results":[],"tv_season_results":[]}
!!!{"movie_results":[{"adult":false,"backdrop_path":"/qdIMHd4sEfJSckfVJfKQvisL02a.jpg","id":13,"title":"Forrest Gump","original_language":"en","original_title":"Forrest Gump","overview":"A man with a low IQ has accomplished great things in his life and been present during significant historic events—in each case, far exceeding what anyone imagined he could do. But despite all he has achieved, his one true love eludes him.","poster_path":"/arw2vcBveWOVZr6pxd9XTd1TdQa.jpg","media_type":"movie","genre_ids":[35,18,10749],"popularity":124.303,"release_date":"1994-06-23","video":false,"vote_average":8.477,"vote_count":26183}],"person_results":[],"tv_results":[],"tv_episode_results":[],"tv_season_results":[]}
!!!{"movie_results":[{"adult":false,"backdrop_path":"/hZkgoQYus5vegHoetLkCJzb17zJ.jpg","id":550,"title":"Fight Club","original_language":"en","original_title":"Fight Club","overview":"A ticking-time-bomb insomniac and a slippery soap salesman channel primal male aggression into a shocking new form of therapy. Their concept catches on, with underground \"fight clubs\" forming in every town, until an eccentric gets in the way and ignites an out-of-control spiral toward oblivion.","poster_path":"/pB8BM7pdSp6B6Ih7QZ4DrQ3PmJK.jpg","media_type":"movie","genre_ids":[18],"popularity":88.737,"release_date":"1999-10-15","video":false,"vote_average":8.44,"vote_count":28052}],"person_results":[],"tv_results":[],"tv_episode_results":[],"tv_season_results":[]}
!!!{"movie_results":[{"adult":false,"backdrop_path":"/8ZTVqvKDQ8emSGUEMjsS4yHAwrp.jpg","id":27205,"title":"Inception","original_language":"en","original_title":"Inception","overview":"Cobb, a skilled thief who commits corporate espionage by infiltrating the subconscious of his targets is offered a chance to regain his old life as payment for a task considered to be impossible: \"inception\", the implantation of another person's idea into a target's subconscious.","poster_path":"/oYuLEt3zVCKq57qu2F8dT7NIa6f.jpg","media_type":"movie","genre_ids":[28,878,12],"popularity":120.376,"release_date":"2010-07-15","video":false,"vote_average":8.4,"vote_count":35261}],"person_results":[],"tv_results":[],"tv_episode_results":[],"tv_season_results":[]}
]]></system-out>
  </testcase>
  <testcase name="getSortedByReleaseDateReversed" classname="ThirdSemesterExercises.Backend.Week6Year2024.Day1.Exercise1.MovieControllerTest" time="0.002"/>
</testsuite>