<?xml version="1.0" encoding="UTF-8"?>
<testsuite xmlns:xsi="http://www.w3.org/2001/XMLSchema-instance" xsi:noNamespaceSchemaLocation="https://maven.apache.org/surefire/maven-surefire-plugin/xsd/surefire-test-report-3.0.xsd" version="3.0" name="ThirdSemesterExercises.Backend.Week7Year2024.Day2.Exercise3.PointDAOTest" time="20.112" tests="1" errors="0" skipped="0" failures="0">
  <properties>
[...]
</properties>
  <testcase name="store1000Points" classname="ThirdSemesterExercises.Backend.Week7Year2024.Day2.Exercise3.PointDAOTest" time="0.925">
    <system-out><![CDATA[Hibernate Java Config serviceRegistry created
Hibernate: drop table if exists point cascade
Hibernate: create table point (id serial not null, x integer not null, y integer not null, primary key (id))
Hibernate: insert into point (x,y) values (?,?)
Hibernate: insert into point (x,y) values (?,?)
Hibernate: insert into point (x,y) values (?,?)
Hibernate: insert into point (x,y) values (?,?)
Hibernate: insert into point (x,y) values (?,?)
Hibernate: insert into point (x,y) values (?,?)
Hibernate: insert into point (x,y) values (?,?)
Hibernate: insert into point (x,y) values (?,?)
Hibernate: insert into point (x,y) values (?,?)
Hibernate: insert into point (x,y) values (?,?)
Hibernate: insert into point (x,y) values (?,?)
Hibernate: insert into point (x,y) values (?,?)
Hibernate: insert into point (x,y) values (?,?)
Hibernate: insert into point (x,y) values (?,?)
Hibernate: insert into point (x,y) values (?,?)
Hibernate: insert into point (x,y) values (?,?)
Hibernate: insert into point (x,y) values (?,?)
Hibernate: insert into point (x,y) values (?,?)
Hibernate: insert into point (x,y) values (?,?)
Hibernate: insert into point (x,y) values (?,?)
Hibernate: insert into point (x,y) values (?,?)
Hibernate: insert into point (x,y) values (?,?)
Hibernate: insert into point (x,y) values (?,?)
Hibernate: insert into point (x,y) values (?,?)
Hibernate: insert into point (x,y) values (?,?)
Hibernate: insert into point (x,y) values (?,?)
Hibernate: insert into point (x,y) values (?,?)
Hibernate: insert into point (x,y) values (?,?)
Hibernate: insert into point (x,y) values (?,?)
Hibernate: insert into point (x,y) values (?,?)
Hibernate: insert into point (x,y) values (?,?)
Hibernate: insert into point (x,y) values (?,?)
Hibernate: insert into point (x,y) values (?,?)
Hibernate: insert into point (x,y) values (?,?)
Hibernate: insert into point (x,y) values (?,?)
Hibernate: insert into point (x,y) values (?,?)
Hibernate: insert into point (x,y) values (?,?)
Hibernate: insert into point (x,y) values (?,?)
Hibernate: insert into point (x,y) values (?,?)
Hibernate: insert into point (x,y) values (?,?)
Hibernate: insert into point (x,y) values (?,?)
Hibernate: insert into point (x,y) values (?,?)
Hibernate: insert into point (x,y) values (?,?)
Hibernate: insert into point (x,y) values (?,?)
Hibernate: insert into point (x,y) values (?,?)
Hibernate: insert into point (x,y) values (?,?)
Hibernate: insert into point (x,y) values (?,?)
Hibernate: insert into point (x,y) values (?,?)
Hibernate: insert into point (x,y) values (?,?)
Hibernate: insert into point (x,y) values (?,?)
Hibernate: insert into point (x,y) values (?,?)
Hibernate: insert into point (x,y) values (?,?)
Hibernate: insert into point (x,y) values (?,?)
Hibernate: insert into point (x,y) values (?,?)
Hibernate: insert into point (x,y) values (?,?)
Hibernate: insert into point (x,y) values (?,?)
Hibernate: insert into point (x,y) values (?,?)
Hibernate: insert into point (x,y) values (?,?)
Hibernate: insert into point (x,y) values (?,?)
Hibernate: insert into point (x,y) values (?,?)
Hibernate: insert into point (x,y) values (?,?)
Hibernate: insert into point (x,y) values (?,?)
Hibernate: insert into point (x,y) values (?,?)
Hibernate: insert into point (x,y) values (?,?)
Hibernate: insert into point (x,y) values (?,?)
Hibernate: insert into point (x,y) values (?,?)
Hibernate: insert into point (x,y) values (?,?)
Hibernate: insert into point (x,y) values (?,?)
Hibernate: insert into point (x,y) values (?,?)
Hibernate: insert into point (x,y) values (?,?)
Hibernate: insert into point (x,y) values (?,?)
Hibernate: insert into point (x,y) values (?,?)
Hibernate: insert into point (x,y) values (?,?)
Hibernate: insert into point (x,y) values (?,?)
Hibernate: insert into point (x,y) values (?,?)
Hibernate: insert into point (x,y) values (?,?)
Hibernate: insert into point (x,y) values (?,?)
Hibernate: insert into point (x,y) values (?,?)
Hibernate: insert into point (x,y) values (?,?)
Hibernate: insert into point (x,y) values (?,?)
Hibernate: insert into point (x,y) values (?,?)
Hibernate: insert into point (x,y) values (?,?)
Hibernate: insert into point (x,y) values (?,?)
Hibernate: insert into point (x,y) values (?,?)
Hibernate: insert into point (x,y) values (?,?)
Hibernate: insert into point (x,y) values (?,?)
Hibernate: insert into point (x,y) values (?,?)
Hibernate: insert into point (x,y) values (?,?)
Hibernate: insert into point (x,y) values (?,?)
Hibernate: insert into point (x,y) values (?,?)
Hibernate: insert into point (x,y) values (?,?)
Hibernate: insert into point (x,y) values (?,?)
Hibernate: insert into point (x,y) values (?,?)
Hibernate: insert into point (x,y) values (?,?)
Hibernate: insert into point (x,y) values (?,?)
Hibernate: insert into point (x,y) values (?,?)
Hibernate: insert into point (x,y) values (?,?)
Hibernate: insert into point (x,y) values (?,?)
Hibernate: insert into point (x,y) values (?,?)
Hibernate: insert into point (x,y) values (?,?)
Hibernate: insert into point (x,y) values (?,?)
Hibernate: insert into point (x,y) values (?,?)
Hibernate: insert into point (x,y) values (?,?)
Hibernate: insert into point (x,y) values (?,?)
Hibernate: insert into point (x,y) values (?,?)
Hibernate: insert into point (x,y) values (?,?)
Hibernate: insert into point (x,y) values (?,?)
Hibernate: insert into point (x,y) values (?,?)
Hibernate: insert into point (x,y) values (?,?)
Hibernate: insert into point (x,y) values (?,?)
Hibernate: insert into point (x,y) values (?,?)
Hibernate: insert into point (x,y) values (?,?)
Hibernate: insert into point (x,y) values (?,?)
Hibernate: insert into point (x,y) values (?,?)
Hibernate: insert into point (x,y) values (?,?)
Hibernate: insert into point (x,y) values (?,?)
Hibernate: insert into point (x,y) values (?,?)
Hibernate: insert into point (x,y) values (?,?)
Hibernate: insert into point (x,y) values (?,?)
Hibernate: insert into point (x,y) values (?,?)
Hibernate: insert into point (x,y) values (?,?)
Hibernate: insert into point (x,y) values (?,?)
Hibernate: insert into point (x,y) values (?,?)
Hibernate: insert into point (x,y) values (?,?)
Hibernate: insert into point (x,y) values (?,?)
Hibernate: insert into point (x,y) values (?,?)
Hibernate: insert into point (x,y) values (?,?)
Hibernate: insert into point (x,y) values (?,?)
Hibernate: insert into point (x,y) values (?,?)
Hibernate: insert into point (x,y) values (?,?)
Hibernate: insert into point (x,y) values (?,?)
Hibernate: insert into point (x,y) values (?,?)
Hibernate: insert into point (x,y) values (?,?)
Hibernate: insert into point (x,y) values (?,?)
Hibernate: insert into point (x,y) values (?,?)
Hibernate: insert into point (x,y) values (?,?)
Hibernate: insert into point (x,y) values (?,?)
Hibernate: insert into point (x,y) values (?,?)
Hibernate: insert into point (x,y) values (?,?)
Hibernate: insert into point (x,y) values (?,?)
Hibernate: insert into point (x,y) values (?,?)
Hibernate: insert into point (x,y) values (?,?)
Hibernate: insert into point (x,y) values (?,?)
Hibernate: insert into point (x,y) values (?,?)
Hibernate: insert into point (x,y) values (?,?)
Hibernate: insert into point (x,y) values (?,?)
Hibernate: insert into point (x,y) values (?,?)
Hibernate: insert into point (x,y) values (?,?)
Hibernate: insert into point (x,y) values (?,?)
Hibernate: insert into point (x,y) values (?,?)
Hibernate: insert into point (x,y) values (?,?)
Hibernate: insert into point (x,y) values (?,?)
Hibernate: insert into point (x,y) values (?,?)
Hibernate: insert into point (x,y) values (?,?)
Hibernate: insert into point (x,y) values (?,?)
Hibernate: insert into point (x,y) values (?,?)
Hibernate: insert into point (x,y) values (?,?)
Hibernate: insert into point (x,y) values (?,?)
Hibernate: insert into point (x,y) values (?,?)
Hibernate: insert into point (x,y) values (?,?)
Hibernate: insert into point (x,y) values (?,?)
Hibernate: insert into point (x,y) values (?,?)
Hibernate: insert into point (x,y) values (?,?)
Hibernate: insert into point (x,y) values (?,?)
Hibernate: insert into point (x,y) values (?,?)
Hibernate: insert into point (x,y) values (?,?)
Hibernate: insert into point (x,y) values (?,?)
Hibernate: insert into point (x,y) values (?,?)
Hibernate: insert into point (x,y) values (?,?)
Hibernate: insert into point (x,y) values (?,?)
Hibernate: insert into point (x,y) values (?,?)
Hibernate: insert into point (x,y) values (?,?)
Hibernate: insert into point (x,y) values (?,?)
Hibernate: insert into point (x,y) values (?,?)
Hibernate: insert into point (x,y) values (?,?)
Hibernate: insert into point (x,y) values (?,?)
Hibernate: insert into point (x,y) values (?,?)
Hibernate: insert into point (x,y) values (?,?)
Hibernate: insert into point (x,y) values (?,?)
Hibernate: insert into point (x,y) values (?,?)
Hibernate: insert into point (x,y) values (?,?)
Hibernate: insert into point (x,y) values (?,?)
Hibernate: insert into point (x,y) values (?,?)
Hibernate: insert into point (x,y) values (?,?)
Hibernate: insert into point (x,y) values (?,?)
Hibernate: insert into point (x,y) values (?,?)
Hibernate: insert into point (x,y) values (?,?)
Hibernate: insert into point (x,y) values (?,?)
Hibernate: insert into point (x,y) values (?,?)
Hibernate: insert into point (x,y) values (?,?)
Hibernate: insert into point (x,y) values (?,?)
Hibernate: insert into point (x,y) values (?,?)
Hibernate: insert into point (x,y) values (?,?)
Hibernate: insert into point (x,y) values (?,?)
Hibernate: insert into point (x,y) values (?,?)
Hibernate: insert into point (x,y) values (?,?)
Hibernate: insert into point (x,y) values (?,?)
Hibernate: insert into point (x,y) values (?,?)
Hibernate: insert into point (x,y) values (?,?)
Hibernate: insert into point (x,y) values (?,?)
Hibernate: insert into point (x,y) values (?,?)
Hibernate: insert into point (x,y) values (?,?)
Hibernate: insert into point (x,y) values (?,?)
Hibernate: insert into point (x,y) values (?,?)
Hibernate: insert into point (x,y) values (?,?)
Hibernate: insert into point (x,y) values (?,?)
Hibernate: insert into point (x,y) values (?,?)
Hibernate: insert into point (x,y) values (?,?)
Hibernate: insert into point (x,y) values (?,?)
Hibernate: insert into point (x,y) values (?,?)
Hibernate: insert into point (x,y) values (?,?)
Hibernate: insert into point (x,y) values (?,?)
Hibernate: insert into point (x,y) values (?,?)
Hibernate: insert into point (x,y) values (?,?)
Hibernate: insert into point (x,y) values (?,?)
Hibernate: insert into point (x,y) values (?,?)
Hibernate: insert into point (x,y) values (?,?)
Hibernate: insert into point (x,y) values (?,?)
Hibernate: insert into point (x,y) values (?,?)
Hibernate: insert into point (x,y) values (?,?)
Hibernate: insert into point (x,y) values (?,?)
Hibernate: insert into point (x,y) values (?,?)
Hibernate: insert into point (x,y) values (?,?)
Hibernate: insert into point (x,y) values (?,?)
Hibernate: insert into point (x,y) values (?,?)
Hibernate: insert into point (x,y) values (?,?)
Hibernate: insert into point (x,y) values (?,?)
Hibernate: insert into point (x,y) values (?,?)
Hibernate: insert into point (x,y) values (?,?)
Hibernate: insert into point (x,y) values (?,?)
Hibernate: insert into point (x,y) values (?,?)
Hibernate: insert into point (x,y) values (?,?)
Hibernate: insert into point (x,y) values (?,?)
Hibernate: insert into point (x,y) values (?,?)
Hibernate: insert into point (x,y) values (?,?)
Hibernate: insert into point (x,y) values (?,?)
Hibernate: insert into point (x,y) values (?,?)
Hibernate: insert into point (x,y) values (?,?)
Hibernate: insert into point (x,y) values (?,?)
Hibernate: insert into point (x,y) values (?,?)
Hibernate: insert into point (x,y) values (?,?)
Hibernate: insert into point (x,y) values (?,?)
Hibernate: insert into point (x,y) values (?,?)
Hibernate: insert into point (x,y) values (?,?)
Hibernate: insert into point (x,y) values (?,?)
Hibernate: insert into point (x,y) values (?,?)
Hibernate: insert into point (x,y) values (?,?)
Hibernate: insert into point (x,y) values (?,?)
Hibernate: insert into point (x,y) values (?,?)
Hibernate: insert into point (x,y) values (?,?)
Hibernate: insert into point (x,y) values (?,?)
Hibernate: insert into point (x,y) values (?,?)
Hibernate: insert into point (x,y) values (?,?)
Hibernate: insert into point (x,y) values (?,?)
Hibernate: insert into point (x,y) values (?,?)
Hibernate: insert into point (x,y) values (?,?)
Hibernate: insert into point (x,y) values (?,?)
Hibernate: insert into point (x,y) values (?,?)
Hibernate: insert into point (x,y) values (?,?)
Hibernate: insert into point (x,y) values (?,?)
Hibernate: insert into point (x,y) values (?,?)
Hibernate: insert into point (x,y) values (?,?)
Hibernate: insert into point (x,y) values (?,?)
Hibernate: insert into point (x,y) values (?,?)
Hibernate: insert into point (x,y) values (?,?)
Hibernate: insert into point (x,y) values (?,?)
Hibernate: insert into point (x,y) values (?,?)
Hibernate: insert into point (x,y) values (?,?)
Hibernate: insert into point (x,y) values (?,?)
Hibernate: insert into point (x,y) values (?,?)
Hibernate: insert into point (x,y) values (?,?)
Hibernate: insert into point (x,y) values (?,?)
Hibernate: insert into point (x,y) values (?,?)
Hibernate: insert into point (x,y) values (?,?)
Hibernate: insert into point (x,y) values (?,?)
Hibernate: insert into point (x,y) values (?,?)
Hibernate: insert into point (x,y) values (?,?)
Hibernate: insert into point (x,y) values (?,?)
Hibernate: insert into point (x,y) values (?,?)
Hibernate: insert into point (x,y) values (?,?)
Hibernate: insert into point (x,y) values (?,?)
Hibernate: insert into point (x,y) values (?,?)
Hibernate: insert into point (x,y) values (?,?)
Hibernate: insert into point (x,y) values (?,?)
Hibernate: insert into point (x,y) values (?,?)
Hibernate: insert into point (x,y) values (?,?)
Hibernate: insert into point (x,y) values (?,?)
Hibernate: insert into point (x,y) values (?,?)
Hibernate: insert into point (x,y) values (?,?)
Hibernate: insert into point (x,y) values (?,?)
Hibernate: insert into point (x,y) values (?,?)
Hibernate: insert into point (x,y) values (?,?)
Hibernate: insert into point (x,y) values (?,?)
Hibernate: insert into point (x,y) values (?,?)
Hibernate: insert into point (x,y) values (?,?)
Hibernate: insert into point (x,y) values (?,?)
Hibernate: insert into point (x,y) values (?,?)
Hibernate: insert into point (x,y) values (?,?)
Hibernate: insert into point (x,y) values (?,?)
Hibernate: insert into point (x,y) values (?,?)
Hibernate: insert into point (x,y) values (?,?)
Hibernate: insert into point (x,y) values (?,?)
Hibernate: insert into point (x,y) values (?,?)
Hibernate: insert into point (x,y) values (?,?)
Hibernate: insert into point (x,y) values (?,?)
Hibernate: insert into point (x,y) values (?,?)
Hibernate: insert into point (x,y) values (?,?)
Hibernate: insert into point (x,y) values (?,?)
Hibernate: insert into point (x,y) values (?,?)
Hibernate: insert into point (x,y) values (?,?)
Hibernate: insert into point (x,y) values (?,?)
Hibernate: insert into point (x,y) values (?,?)
Hibernate: insert into point (x,y) values (?,?)
Hibernate: insert into point (x,y) values (?,?)
Hibernate: insert into point (x,y) values (?,?)
Hibernate: insert into point (x,y) values (?,?)
Hibernate: insert into point (x,y) values (?,?)
Hibernate: insert into point (x,y) values (?,?)
Hibernate: insert into point (x,y) values (?,?)
Hibernate: insert into point (x,y) values (?,?)
Hibernate: insert into point (x,y) values (?,?)
Hibernate: insert into point (x,y) values (?,?)
Hibernate: insert into point (x,y) values (?,?)
Hibernate: insert into point (x,y) values (?,?)
Hibernate: insert into point (x,y) values (?,?)
Hibernate: insert into point (x,y) values (?,?)
Hibernate: insert into point (x,y) values (?,?)
Hibernate: insert into point (x,y) values (?,?)
Hibernate: insert into point (x,y) values (?,?)
Hibernate: insert into point (x,y) values (?,?)
Hibernate: insert into point (x,y) values (?,?)
Hibernate: insert into point (x,y) values (?,?)
Hibernate: insert into point (x,y) values (?,?)
Hibernate: insert into point (x,y) values (?,?)
Hibernate: insert into point (x,y) values (?,?)
Hibernate: insert into point (x,y) values (?,?)
Hibernate: insert into point (x,y) values (?,?)
Hibernate: insert into point (x,y) values (?,?)
Hibernate: insert into point (x,y) values (?,?)
Hibernate: insert into point (x,y) values (?,?)
Hibernate: insert into point (x,y) values (?,?)
Hibernate: insert into point (x,y) values (?,?)
Hibernate: insert into point (x,y) values (?,?)
Hibernate: insert into point (x,y) values (?,?)
Hibernate: insert into point (x,y) values (?,?)
Hibernate: insert into point (x,y) values (?,?)
Hibernate: insert into point (x,y) values (?,?)
Hibernate: insert into point (x,y) values (?,?)
Hibernate: insert into point (x,y) values (?,?)
Hibernate: insert into point (x,y) values (?,?)
Hibernate: insert into point (x,y) values (?,?)
Hibernate: insert into point (x,y) values (?,?)
Hibernate: insert into point (x,y) values (?,?)
Hibernate: insert into point (x,y) values (?,?)
Hibernate: insert into point (x,y) values (?,?)
Hibernate: insert into point (x,y) values (?,?)
Hibernate: insert into point (x,y) values (?,?)
Hibernate: insert into point (x,y) values (?,?)
Hibernate: insert into point (x,y) values (?,?)
Hibernate: insert into point (x,y) values (?,?)
Hibernate: insert into point (x,y) values (?,?)
Hibernate: insert into point (x,y) values (?,?)
Hibernate: insert into point (x,y) values (?,?)
Hibernate: insert into point (x,y) values (?,?)
Hibernate: insert into point (x,y) values (?,?)
Hibernate: insert into point (x,y) values (?,?)
Hibernate: insert into point (x,y) values (?,?)
Hibernate: insert into point (x,y) values (?,?)
Hibernate: insert into point (x,y) values (?,?)
Hibernate: insert into point (x,y) values (?,?)
Hibernate: insert into point (x,y) values (?,?)
Hibernate: insert into point (x,y) values (?,?)
Hibernate: insert into point (x,y) values (?,?)
Hibernate: insert into point (x,y) values (?,?)
Hibernate: insert into point (x,y) values (?,?)
Hibernate: insert into point (x,y) values (?,?)
Hibernate: insert into point (x,y) values (?,?)
Hibernate: insert into point (x,y) values (?,?)
Hibernate: insert into point (x,y) values (?,?)
Hibernate: insert into point (x,y) values (?,?)
Hibernate: insert into point (x,y) values (?,?)
Hibernate: insert into point (x,y) values (?,?)
Hibernate: insert into point (x,y) values (?,?)
Hibernate: insert into point (x,y) values (?,?)
Hibernate: insert into point (x,y) values (?,?)
Hibernate: insert into point (x,y) values (?,?)
Hibernate: insert into point (x,y) values (?,?)
Hibernate: insert into point (x,y) values (?,?)
Hibernate: insert into point (x,y) values (?,?)
Hibernate: insert into point (x,y) values (?,?)
Hibernate: insert into point (x,y) values (?,?)
Hibernate: insert into point (x,y) values (?,?)
Hibernate: insert into point (x,y) values (?,?)
Hibernate: insert into point (x,y) values (?,?)
Hibernate: insert into point (x,y) values (?,?)
Hibernate: insert into point (x,y) values (?,?)
Hibernate: insert into point (x,y) values (?,?)
Hibernate: insert into point (x,y) values (?,?)
Hibernate: insert into point (x,y) values (?,?)
Hibernate: insert into point (x,y) values (?,?)
Hibernate: insert into point (x,y) values (?,?)
Hibernate: insert into point (x,y) values (?,?)
Hibernate: insert into point (x,y) values (?,?)
Hibernate: insert into point (x,y) values (?,?)
Hibernate: insert into point (x,y) values (?,?)
Hibernate: insert into point (x,y) values (?,?)
Hibernate: insert into point (x,y) values (?,?)
Hibernate: insert into point (x,y) values (?,?)
Hibernate: insert into point (x,y) values (?,?)
Hibernate: insert into point (x,y) values (?,?)
Hibernate: insert into point (x,y) values (?,?)
Hibernate: insert into point (x,y) values (?,?)
Hibernate: insert into point (x,y) values (?,?)
Hibernate: insert into point (x,y) values (?,?)
Hibernate: insert into point (x,y) values (?,?)
Hibernate: insert into point (x,y) values (?,?)
Hibernate: insert into point (x,y) values (?,?)
Hibernate: insert into point (x,y) values (?,?)
Hibernate: insert into point (x,y) values (?,?)
Hibernate: insert into point (x,y) values (?,?)
Hibernate: insert into point (x,y) values (?,?)
Hibernate: insert into point (x,y) values (?,?)
Hibernate: insert into point (x,y) values (?,?)
Hibernate: insert into point (x,y) values (?,?)
Hibernate: insert into point (x,y) values (?,?)
Hibernate: insert into point (x,y) values (?,?)
Hibernate: insert into point (x,y) values (?,?)
Hibernate: insert into point (x,y) values (?,?)
Hibernate: insert into point (x,y) values (?,?)
Hibernate: insert into point (x,y) values (?,?)
Hibernate: insert into point (x,y) values (?,?)
Hibernate: insert into point (x,y) values (?,?)
Hibernate: insert into point (x,y) values (?,?)
Hibernate: insert into point (x,y) values (?,?)
Hibernate: insert into point (x,y) values (?,?)
Hibernate: insert into point (x,y) values (?,?)
Hibernate: insert into point (x,y) values (?,?)
Hibernate: insert into point (x,y) values (?,?)
Hibernate: insert into point (x,y) values (?,?)
Hibernate: insert into point (x,y) values (?,?)
Hibernate: insert into point (x,y) values (?,?)
Hibernate: insert into point (x,y) values (?,?)
Hibernate: insert into point (x,y) values (?,?)
Hibernate: insert into point (x,y) values (?,?)
Hibernate: insert into point (x,y) values (?,?)
Hibernate: insert into point (x,y) values (?,?)
Hibernate: insert into point (x,y) values (?,?)
Hibernate: insert into point (x,y) values (?,?)
Hibernate: insert into point (x,y) values (?,?)
Hibernate: insert into point (x,y) values (?,?)
Hibernate: insert into point (x,y) values (?,?)
Hibernate: insert into point (x,y) values (?,?)
Hibernate: insert into point (x,y) values (?,?)
Hibernate: insert into point (x,y) values (?,?)
Hibernate: insert into point (x,y) values (?,?)
Hibernate: insert into point (x,y) values (?,?)
Hibernate: insert into point (x,y) values (?,?)
Hibernate: insert into point (x,y) values (?,?)
Hibernate: insert into point (x,y) values (?,?)
Hibernate: insert into point (x,y) values (?,?)
Hibernate: insert into point (x,y) values (?,?)
Hibernate: insert into point (x,y) values (?,?)
Hibernate: insert into point (x,y) values (?,?)
Hibernate: insert into point (x,y) values (?,?)
Hibernate: insert into point (x,y) values (?,?)
Hibernate: insert into point (x,y) values (?,?)
Hibernate: insert into point (x,y) values (?,?)
Hibernate: insert into point (x,y) values (?,?)
Hibernate: insert into point (x,y) values (?,?)
Hibernate: insert into point (x,y) values (?,?)
Hibernate: insert into point (x,y) values (?,?)
Hibernate: insert into point (x,y) values (?,?)
Hibernate: insert into point (x,y) values (?,?)
Hibernate: insert into point (x,y) values (?,?)
Hibernate: insert into point (x,y) values (?,?)
Hibernate: insert into point (x,y) values (?,?)
Hibernate: insert into point (x,y) values (?,?)
Hibernate: insert into point (x,y) values (?,?)
Hibernate: insert into point (x,y) values (?,?)
Hibernate: insert into point (x,y) values (?,?)
Hibernate: insert into point (x,y) values (?,?)
Hibernate: insert into point (x,y) values (?,?)
Hibernate: insert into point (x,y) values (?,?)
Hibernate: insert into point (x,y) values (?,?)
Hibernate: insert into point (x,y) values (?,?)
Hibernate: insert into point (x,y) values (?,?)
Hibernate: insert into point (x,y) values (?,?)
Hibernate: insert into point (x,y) values (?,?)
Hibernate: insert into point (x,y) values (?,?)
Hibernate: insert into point (x,y) values (?,?)
Hibernate: insert into point (x,y) values (?,?)
Hibernate: insert into point (x,y) values (?,?)
Hibernate: insert into point (x,y) values (?,?)
Hibernate: insert into point (x,y) values (?,?)
Hibernate: insert into point (x,y) values (?,?)
Hibernate: insert into point (x,y) values (?,?)
Hibernate: insert into point (x,y) values (?,?)
Hibernate: insert into point (x,y) values (?,?)
Hibernate: insert into point (x,y) values (?,?)
Hibernate: insert into point (x,y) values (?,?)
Hibernate: insert into point (x,y) values (?,?)
Hibernate: insert into point (x,y) values (?,?)
Hibernate: insert into point (x,y) values (?,?)
Hibernate: insert into point (x,y) values (?,?)
Hibernate: insert into point (x,y) values (?,?)
Hibernate: insert into point (x,y) values (?,?)
Hibernate: insert into point (x,y) values (?,?)
Hibernate: insert into point (x,y) values (?,?)
Hibernate: insert into point (x,y) values (?,?)
Hibernate: insert into point (x,y) values (?,?)
Hibernate: insert into point (x,y) values (?,?)
Hibernate: insert into point (x,y) values (?,?)
Hibernate: insert into point (x,y) values (?,?)
Hibernate: insert into point (x,y) values (?,?)
Hibernate: insert into point (x,y) values (?,?)
Hibernate: insert into point (x,y) values (?,?)
Hibernate: insert into point (x,y) values (?,?)
Hibernate: insert into point (x,y) values (?,?)
Hibernate: insert into point (x,y) values (?,?)
Hibernate: insert into point (x,y) values (?,?)
Hibernate: insert into point (x,y) values (?,?)
Hibernate: insert into point (x,y) values (?,?)
Hibernate: insert into point (x,y) values (?,?)
Hibernate: insert into point (x,y) values (?,?)
Hibernate: insert into point (x,y) values (?,?)
Hibernate: insert into point (x,y) values (?,?)
Hibernate: insert into point (x,y) values (?,?)
Hibernate: insert into point (x,y) values (?,?)
Hibernate: insert into point (x,y) values (?,?)
Hibernate: insert into point (x,y) values (?,?)
Hibernate: insert into point (x,y) values (?,?)
Hibernate: insert into point (x,y) values (?,?)
Hibernate: insert into point (x,y) values (?,?)
Hibernate: insert into point (x,y) values (?,?)
Hibernate: insert into point (x,y) values (?,?)
Hibernate: insert into point (x,y) values (?,?)
Hibernate: insert into point (x,y) values (?,?)
Hibernate: insert into point (x,y) values (?,?)
Hibernate: insert into point (x,y) values (?,?)
Hibernate: insert into point (x,y) values (?,?)
Hibernate: insert into point (x,y) values (?,?)
Hibernate: insert into point (x,y) values (?,?)
Hibernate: insert into point (x,y) values (?,?)
Hibernate: insert into point (x,y) values (?,?)
Hibernate: insert into point (x,y) values (?,?)
Hibernate: insert into point (x,y) values (?,?)
Hibernate: insert into point (x,y) values (?,?)
Hibernate: insert into point (x,y) values (?,?)
Hibernate: insert into point (x,y) values (?,?)
Hibernate: insert into point (x,y) values (?,?)
Hibernate: insert into point (x,y) values (?,?)
Hibernate: insert into point (x,y) values (?,?)
Hibernate: insert into point (x,y) values (?,?)
Hibernate: insert into point (x,y) values (?,?)
Hibernate: insert into point (x,y) values (?,?)
Hibernate: insert into point (x,y) values (?,?)
Hibernate: insert into point (x,y) values (?,?)
Hibernate: insert into point (x,y) values (?,?)
Hibernate: insert into point (x,y) values (?,?)
Hibernate: insert into point (x,y) values (?,?)
Hibernate: insert into point (x,y) values (?,?)
Hibernate: insert into point (x,y) values (?,?)
Hibernate: insert into point (x,y) values (?,?)
Hibernate: insert into point (x,y) values (?,?)
Hibernate: insert into point (x,y) values (?,?)
Hibernate: insert into point (x,y) values (?,?)
Hibernate: insert into point (x,y) values (?,?)
Hibernate: insert into point (x,y) values (?,?)
Hibernate: insert into point (x,y) values (?,?)
Hibernate: insert into point (x,y) values (?,?)
Hibernate: insert into point (x,y) values (?,?)
Hibernate: insert into point (x,y) values (?,?)
Hibernate: insert into point (x,y) values (?,?)
Hibernate: insert into point (x,y) values (?,?)
Hibernate: insert into point (x,y) values (?,?)
Hibernate: insert into point (x,y) values (?,?)
Hibernate: insert into point (x,y) values (?,?)
Hibernate: insert into point (x,y) values (?,?)
Hibernate: insert into point (x,y) values (?,?)
Hibernate: insert into point (x,y) values (?,?)
Hibernate: insert into point (x,y) values (?,?)
Hibernate: insert into point (x,y) values (?,?)
Hibernate: insert into point (x,y) values (?,?)
Hibernate: insert into point (x,y) values (?,?)
Hibernate: insert into point (x,y) values (?,?)
Hibernate: insert into point (x,y) values (?,?)
Hibernate: insert into point (x,y) values (?,?)
Hibernate: insert into point (x,y) values (?,?)
Hibernate: insert into point (x,y) values (?,?)
Hibernate: insert into point (x,y) values (?,?)
Hibernate: insert into point (x,y) values (?,?)
Hibernate: insert into point (x,y) values (?,?)
Hibernate: insert into point (x,y) values (?,?)
Hibernate: insert into point (x,y) values (?,?)
Hibernate: insert into point (x,y) values (?,?)
Hibernate: insert into point (x,y) values (?,?)
Hibernate: insert into point (x,y) values (?,?)
Hibernate: insert into point (x,y) values (?,?)
Hibernate: insert into point (x,y) values (?,?)
Hibernate: insert into point (x,y) values (?,?)
Hibernate: insert into point (x,y) values (?,?)
Hibernate: insert into point (x,y) values (?,?)
Hibernate: insert into point (x,y) values (?,?)
Hibernate: insert into point (x,y) values (?,?)
Hibernate: insert into point (x,y) values (?,?)
Hibernate: insert into point (x,y) values (?,?)
Hibernate: insert into point (x,y) values (?,?)
Hibernate: insert into point (x,y) values (?,?)
Hibernate: insert into point (x,y) values (?,?)
Hibernate: insert into point (x,y) values (?,?)
Hibernate: insert into point (x,y) values (?,?)
Hibernate: insert into point (x,y) values (?,?)
Hibernate: insert into point (x,y) values (?,?)
Hibernate: insert into point (x,y) values (?,?)
Hibernate: insert into point (x,y) values (?,?)
Hibernate: insert into point (x,y) values (?,?)
Hibernate: insert into point (x,y) values (?,?)
Hibernate: insert into point (x,y) values (?,?)
Hibernate: insert into point (x,y) values (?,?)
Hibernate: insert into point (x,y) values (?,?)
Hibernate: insert into point (x,y) values (?,?)
Hibernate: insert into point (x,y) values (?,?)
Hibernate: insert into point (x,y) values (?,?)
Hibernate: insert into point (x,y) values (?,?)
Hibernate: insert into point (x,y) values (?,?)
Hibernate: insert into point (x,y) values (?,?)
Hibernate: insert into point (x,y) values (?,?)
Hibernate: insert into point (x,y) values (?,?)
Hibernate: insert into point (x,y) values (?,?)
Hibernate: insert into point (x,y) values (?,?)
Hibernate: insert into point (x,y) values (?,?)
Hibernate: insert into point (x,y) values (?,?)
Hibernate: insert into point (x,y) values (?,?)
Hibernate: insert into point (x,y) values (?,?)
Hibernate: insert into point (x,y) values (?,?)
Hibernate: insert into point (x,y) values (?,?)
Hibernate: insert into point (x,y) values (?,?)
Hibernate: insert into point (x,y) values (?,?)
Hibernate: insert into point (x,y) values (?,?)
Hibernate: insert into point (x,y) values (?,?)
Hibernate: insert into point (x,y) values (?,?)
Hibernate: insert into point (x,y) values (?,?)
Hibernate: insert into point (x,y) values (?,?)
Hibernate: insert into point (x,y) values (?,?)
Hibernate: insert into point (x,y) values (?,?)
Hibernate: insert into point (x,y) values (?,?)
Hibernate: insert into point (x,y) values (?,?)
Hibernate: insert into point (x,y) values (?,?)
Hibernate: insert into point (x,y) values (?,?)
Hibernate: insert into point (x,y) values (?,?)
Hibernate: insert into point (x,y) values (?,?)
Hibernate: insert into point (x,y) values (?,?)
Hibernate: insert into point (x,y) values (?,?)
Hibernate: insert into point (x,y) values (?,?)
Hibernate: insert into point (x,y) values (?,?)
Hibernate: insert into point (x,y) values (?,?)
Hibernate: insert into point (x,y) values (?,?)
Hibernate: insert into point (x,y) values (?,?)
Hibernate: insert into point (x,y) values (?,?)
Hibernate: insert into point (x,y) values (?,?)
Hibernate: insert into point (x,y) values (?,?)
Hibernate: insert into point (x,y) values (?,?)
Hibernate: insert into point (x,y) values (?,?)
Hibernate: insert into point (x,y) values (?,?)
Hibernate: insert into point (x,y) values (?,?)
Hibernate: insert into point (x,y) values (?,?)
Hibernate: insert into point (x,y) values (?,?)
Hibernate: insert into point (x,y) values (?,?)
Hibernate: insert into point (x,y) values (?,?)
Hibernate: insert into point (x,y) values (?,?)
Hibernate: insert into point (x,y) values (?,?)
Hibernate: insert into point (x,y) values (?,?)
Hibernate: insert into point (x,y) values (?,?)
Hibernate: insert into point (x,y) values (?,?)
Hibernate: insert into point (x,y) values (?,?)
Hibernate: insert into point (x,y) values (?,?)
Hibernate: insert into point (x,y) values (?,?)
Hibernate: insert into point (x,y) values (?,?)
Hibernate: insert into point (x,y) values (?,?)
Hibernate: insert into point (x,y) values (?,?)
Hibernate: insert into point (x,y) values (?,?)
Hibernate: insert into point (x,y) values (?,?)
Hibernate: insert into point (x,y) values (?,?)
Hibernate: insert into point (x,y) values (?,?)
Hibernate: insert into point (x,y) values (?,?)
Hibernate: insert into point (x,y) values (?,?)
Hibernate: insert into point (x,y) values (?,?)
Hibernate: insert into point (x,y) values (?,?)
Hibernate: insert into point (x,y) values (?,?)
Hibernate: insert into point (x,y) values (?,?)
Hibernate: insert into point (x,y) values (?,?)
Hibernate: insert into point (x,y) values (?,?)
Hibernate: insert into point (x,y) values (?,?)
Hibernate: insert into point (x,y) values (?,?)
Hibernate: insert into point (x,y) values (?,?)
Hibernate: insert into point (x,y) values (?,?)
Hibernate: insert into point (x,y) values (?,?)
Hibernate: insert into point (x,y) values (?,?)
Hibernate: insert into point (x,y) values (?,?)
Hibernate: insert into point (x,y) values (?,?)
Hibernate: insert into point (x,y) values (?,?)
Hibernate: insert into point (x,y) values (?,?)
Hibernate: insert into point (x,y) values (?,?)
Hibernate: insert into point (x,y) values (?,?)
Hibernate: insert into point (x,y) values (?,?)
Hibernate: insert into point (x,y) values (?,?)
Hibernate: insert into point (x,y) values (?,?)
Hibernate: insert into point (x,y) values (?,?)
Hibernate: insert into point (x,y) values (?,?)
Hibernate: insert into point (x,y) values (?,?)
Hibernate: insert into point (x,y) values (?,?)
Hibernate: insert into point (x,y) values (?,?)
Hibernate: insert into point (x,y) values (?,?)
Hibernate: insert into point (x,y) values (?,?)
Hibernate: insert into point (x,y) values (?,?)
Hibernate: insert into point (x,y) values (?,?)
Hibernate: insert into point (x,y) values (?,?)
Hibernate: insert into point (x,y) values (?,?)
Hibernate: insert into point (x,y) values (?,?)
Hibernate: insert into point (x,y) values (?,?)
Hibernate: insert into point (x,y) values (?,?)
Hibernate: insert into point (x,y) values (?,?)
Hibernate: insert into point (x,y) values (?,?)
Hibernate: insert into point (x,y) values (?,?)
Hibernate: insert into point (x,y) values (?,?)
Hibernate: insert into point (x,y) values (?,?)
Hibernate: insert into point (x,y) values (?,?)
Hibernate: insert into point (x,y) values (?,?)
Hibernate: insert into point (x,y) values (?,?)
Hibernate: insert into point (x,y) values (?,?)
Hibernate: insert into point (x,y) values (?,?)
Hibernate: insert into point (x,y) values (?,?)
Hibernate: insert into point (x,y) values (?,?)
Hibernate: insert into point (x,y) values (?,?)
Hibernate: insert into point (x,y) values (?,?)
Hibernate: insert into point (x,y) values (?,?)
Hibernate: insert into point (x,y) values (?,?)
Hibernate: insert into point (x,y) values (?,?)
Hibernate: insert into point (x,y) values (?,?)
Hibernate: insert into point (x,y) values (?,?)
Hibernate: insert into point (x,y) values (?,?)
Hibernate: insert into point (x,y) values (?,?)
Hibernate: insert into point (x,y) values (?,?)
Hibernate: insert into point (x,y) values (?,?)
Hibernate: insert into point (x,y) values (?,?)
Hibernate: insert into point (x,y) values (?,?)
Hibernate: insert into point (x,y) values (?,?)
Hibernate: insert into point (x,y) values (?,?)
Hibernate: insert into point (x,y) values (?,?)
Hibernate: insert into point (x,y) values (?,?)
Hibernate: insert into point (x,y) values (?,?)
Hibernate: insert into point (x,y) values (?,?)
Hibernate: insert into point (x,y) values (?,?)
Hibernate: insert into point (x,y) values (?,?)
Hibernate: insert into point (x,y) values (?,?)
Hibernate: insert into point (x,y) values (?,?)
Hibernate: insert into point (x,y) values (?,?)
Hibernate: insert into point (x,y) values (?,?)
Hibernate: insert into point (x,y) values (?,?)
Hibernate: insert into point (x,y) values (?,?)
Hibernate: insert into point (x,y) values (?,?)
Hibernate: insert into point (x,y) values (?,?)
Hibernate: insert into point (x,y) values (?,?)
Hibernate: insert into point (x,y) values (?,?)
Hibernate: insert into point (x,y) values (?,?)
Hibernate: insert into point (x,y) values (?,?)
Hibernate: insert into point (x,y) values (?,?)
Hibernate: insert into point (x,y) values (?,?)
Hibernate: insert into point (x,y) values (?,?)
Hibernate: insert into point (x,y) values (?,?)
Hibernate: insert into point (x,y) values (?,?)
Hibernate: insert into point (x,y) values (?,?)
Hibernate: insert into point (x,y) values (?,?)
Hibernate: insert into point (x,y) values (?,?)
Hibernate: insert into point (x,y) values (?,?)
Hibernate: insert into point (x,y) values (?,?)
Hibernate: insert into point (x,y) values (?,?)
Hibernate: insert into point (x,y) values (?,?)
Hibernate: insert into point (x,y) values (?,?)
Hibernate: insert into point (x,y) values (?,?)
Hibernate: insert into point (x,y) values (?,?)
Hibernate: insert into point (x,y) values (?,?)
Hibernate: insert into point (x,y) values (?,?)
Hibernate: insert into point (x,y) values (?,?)
Hibernate: insert into point (x,y) values (?,?)
Hibernate: insert into point (x,y) values (?,?)
Hibernate: insert into point (x,y) values (?,?)
Hibernate: insert into point (x,y) values (?,?)
Hibernate: insert into point (x,y) values (?,?)
Hibernate: insert into point (x,y) values (?,?)
Hibernate: insert into point (x,y) values (?,?)
Hibernate: insert into point (x,y) values (?,?)
Hibernate: insert into point (x,y) values (?,?)
Hibernate: insert into point (x,y) values (?,?)
Hibernate: insert into point (x,y) values (?,?)
Hibernate: insert into point (x,y) values (?,?)
Hibernate: insert into point (x,y) values (?,?)
Hibernate: insert into point (x,y) values (?,?)
Hibernate: insert into point (x,y) values (?,?)
Hibernate: insert into point (x,y) values (?,?)
Hibernate: insert into point (x,y) values (?,?)
Hibernate: insert into point (x,y) values (?,?)
Hibernate: insert into point (x,y) values (?,?)
Hibernate: insert into point (x,y) values (?,?)
Hibernate: insert into point (x,y) values (?,?)
Hibernate: insert into point (x,y) values (?,?)
Hibernate: insert into point (x,y) values (?,?)
Hibernate: insert into point (x,y) values (?,?)
Hibernate: insert into point (x,y) values (?,?)
Hibernate: insert into point (x,y) values (?,?)
Hibernate: insert into point (x,y) values (?,?)
Hibernate: insert into point (x,y) values (?,?)
Hibernate: insert into point (x,y) values (?,?)
Hibernate: insert into point (x,y) values (?,?)
Hibernate: insert into point (x,y) values (?,?)
Hibernate: insert into point (x,y) values (?,?)
Hibernate: insert into point (x,y) values (?,?)
Hibernate: insert into point (x,y) values (?,?)
Hibernate: insert into point (x,y) values (?,?)
Hibernate: insert into point (x,y) values (?,?)
Hibernate: insert into point (x,y) values (?,?)
Hibernate: insert into point (x,y) values (?,?)
Hibernate: insert into point (x,y) values (?,?)
Hibernate: insert into point (x,y) values (?,?)
Hibernate: insert into point (x,y) values (?,?)
Hibernate: insert into point (x,y) values (?,?)
Hibernate: insert into point (x,y) values (?,?)
Hibernate: insert into point (x,y) values (?,?)
Hibernate: insert into point (x,y) values (?,?)
Hibernate: insert into point (x,y) values (?,?)
Hibernate: insert into point (x,y) values (?,?)
Hibernate: insert into point (x,y) values (?,?)
Hibernate: insert into point (x,y) values (?,?)
Hibernate: insert into point (x,y) values (?,?)
Hibernate: insert into point (x,y) values (?,?)
Hibernate: insert into point (x,y) values (?,?)
Hibernate: insert into point (x,y) values (?,?)
Hibernate: insert into point (x,y) values (?,?)
Hibernate: insert into point (x,y) values (?,?)
Hibernate: insert into point (x,y) values (?,?)
Hibernate: insert into point (x,y) values (?,?)
Hibernate: insert into point (x,y) values (?,?)
Hibernate: insert into point (x,y) values (?,?)
Hibernate: insert into point (x,y) values (?,?)
Hibernate: insert into point (x,y) values (?,?)
Hibernate: insert into point (x,y) values (?,?)
Hibernate: insert into point (x,y) values (?,?)
Hibernate: insert into point (x,y) values (?,?)
Hibernate: insert into point (x,y) values (?,?)
Hibernate: insert into point (x,y) values (?,?)
Hibernate: insert into point (x,y) values (?,?)
Hibernate: insert into point (x,y) values (?,?)
Hibernate: insert into point (x,y) values (?,?)
Hibernate: insert into point (x,y) values (?,?)
Hibernate: insert into point (x,y) values (?,?)
Hibernate: insert into point (x,y) values (?,?)
Hibernate: insert into point (x,y) values (?,?)
Hibernate: insert into point (x,y) values (?,?)
Hibernate: insert into point (x,y) values (?,?)
Hibernate: insert into point (x,y) values (?,?)
Hibernate: insert into point (x,y) values (?,?)
Hibernate: insert into point (x,y) values (?,?)
Hibernate: insert into point (x,y) values (?,?)
Hibernate: insert into point (x,y) values (?,?)
Hibernate: insert into point (x,y) values (?,?)
Hibernate: insert into point (x,y) values (?,?)
Hibernate: insert into point (x,y) values (?,?)
Hibernate: insert into point (x,y) values (?,?)
Hibernate: insert into point (x,y) values (?,?)
Hibernate: insert into point (x,y) values (?,?)
Hibernate: insert into point (x,y) values (?,?)
Hibernate: insert into point (x,y) values (?,?)
Hibernate: insert into point (x,y) values (?,?)
Hibernate: insert into point (x,y) values (?,?)
Hibernate: insert into point (x,y) values (?,?)
Hibernate: insert into point (x,y) values (?,?)
Hibernate: insert into point (x,y) values (?,?)
Hibernate: insert into point (x,y) values (?,?)
Hibernate: insert into point (x,y) values (?,?)
Hibernate: insert into point (x,y) values (?,?)
Hibernate: insert into point (x,y) values (?,?)
Hibernate: insert into point (x,y) values (?,?)
Hibernate: insert into point (x,y) values (?,?)
Hibernate: insert into point (x,y) values (?,?)
Hibernate: insert into point (x,y) values (?,?)
Hibernate: insert into point (x,y) values (?,?)
Hibernate: insert into point (x,y) values (?,?)
Hibernate: insert into point (x,y) values (?,?)
Hibernate: insert into point (x,y) values (?,?)
Hibernate: insert into point (x,y) values (?,?)
Hibernate: insert into point (x,y) values (?,?)
Hibernate: insert into point (x,y) values (?,?)
Hibernate: insert into point (x,y) values (?,?)
Hibernate: insert into point (x,y) values (?,?)
Hibernate: insert into point (x,y) values (?,?)
Hibernate: insert into point (x,y) values (?,?)
Hibernate: insert into point (x,y) values (?,?)
Hibernate: insert into point (x,y) values (?,?)
Hibernate: insert into point (x,y) values (?,?)
Hibernate: insert into point (x,y) values (?,?)
Hibernate: insert into point (x,y) values (?,?)
Hibernate: insert into point (x,y) values (?,?)
Hibernate: insert into point (x,y) values (?,?)
Hibernate: insert into point (x,y) values (?,?)
Hibernate: insert into point (x,y) values (?,?)
Hibernate: insert into point (x,y) values (?,?)
Hibernate: insert into point (x,y) values (?,?)
Hibernate: insert into point (x,y) values (?,?)
Hibernate: insert into point (x,y) values (?,?)
Hibernate: insert into point (x,y) values (?,?)
Hibernate: insert into point (x,y) values (?,?)
Hibernate: insert into point (x,y) values (?,?)
Hibernate: insert into point (x,y) values (?,?)
Hibernate: insert into point (x,y) values (?,?)
Hibernate: insert into point (x,y) values (?,?)
Hibernate: insert into point (x,y) values (?,?)
Hibernate: insert into point (x,y) values (?,?)
Hibernate: insert into point (x,y) values (?,?)
Hibernate: insert into point (x,y) values (?,?)
Hibernate: insert into point (x,y) values (?,?)
Hibernate: insert into point (x,y) values (?,?)
Hibernate: insert into point (x,y) values (?,?)
Hibernate: insert into point (x,y) values (?,?)
Hibernate: insert into point (x,y) values (?,?)
Hibernate: insert into point (x,y) values (?,?)
Hibernate: insert into point (x,y) values (?,?)
Hibernate: insert into point (x,y) values (?,?)
Hibernate: insert into point (x,y) values (?,?)
Hibernate: insert into point (x,y) values (?,?)
Hibernate: insert into point (x,y) values (?,?)
Hibernate: insert into point (x,y) values (?,?)
Hibernate: insert into point (x,y) values (?,?)
Hibernate: insert into point (x,y) values (?,?)
Hibernate: insert into point (x,y) values (?,?)
Hibernate: insert into point (x,y) values (?,?)
Hibernate: insert into point (x,y) values (?,?)
Hibernate: insert into point (x,y) values (?,?)
Hibernate: insert into point (x,y) values (?,?)
Hibernate: insert into point (x,y) values (?,?)
Hibernate: insert into point (x,y) values (?,?)
Hibernate: insert into point (x,y) values (?,?)
Hibernate: insert into point (x,y) values (?,?)
Hibernate: insert into point (x,y) values (?,?)
Hibernate: insert into point (x,y) values (?,?)
Hibernate: insert into point (x,y) values (?,?)
Hibernate: insert into point (x,y) values (?,?)
Hibernate: insert into point (x,y) values (?,?)
Hibernate: insert into point (x,y) values (?,?)
Hibernate: insert into point (x,y) values (?,?)
Hibernate: insert into point (x,y) values (?,?)
Hibernate: insert into point (x,y) values (?,?)
Hibernate: insert into point (x,y) values (?,?)
Hibernate: insert into point (x,y) values (?,?)
Hibernate: insert into point (x,y) values (?,?)
Hibernate: insert into point (x,y) values (?,?)
Hibernate: insert into point (x,y) values (?,?)
Hibernate: insert into point (x,y) values (?,?)
Hibernate: insert into point (x,y) values (?,?)
Hibernate: insert into point (x,y) values (?,?)
Hibernate: insert into point (x,y) values (?,?)
Hibernate: insert into point (x,y) values (?,?)
Hibernate: insert into point (x,y) values (?,?)
Hibernate: insert into point (x,y) values (?,?)
Hibernate: insert into point (x,y) values (?,?)
Hibernate: insert into point (x,y) values (?,?)
Hibernate: insert into point (x,y) values (?,?)
Hibernate: insert into point (x,y) values (?,?)
Hibernate: insert into point (x,y) values (?,?)
Hibernate: insert into point (x,y) values (?,?)
Hibernate: insert into point (x,y) values (?,?)
Hibernate: insert into point (x,y) values (?,?)
Hibernate: insert into point (x,y) values (?,?)
Hibernate: insert into point (x,y) values (?,?)
Hibernate: insert into point (x,y) values (?,?)
Hibernate: insert into point (x,y) values (?,?)
Hibernate: insert into point (x,y) values (?,?)
Hibernate: insert into point (x,y) values (?,?)
Hibernate: insert into point (x,y) values (?,?)
Hibernate: insert into point (x,y) values (?,?)
Hibernate: insert into point (x,y) values (?,?)
Hibernate: insert into point (x,y) values (?,?)
Hibernate: insert into point (x,y) values (?,?)
Hibernate: insert into point (x,y) values (?,?)
Hibernate: insert into point (x,y) values (?,?)
Hibernate: insert into point (x,y) values (?,?)
Hibernate: insert into point (x,y) values (?,?)
Hibernate: insert into point (x,y) values (?,?)
Hibernate: insert into point (x,y) values (?,?)
Hibernate: insert into point (x,y) values (?,?)
Hibernate: insert into point (x,y) values (?,?)
Hibernate: insert into point (x,y) values (?,?)
Hibernate: insert into point (x,y) values (?,?)
Hibernate: insert into point (x,y) values (?,?)
Hibernate: insert into point (x,y) values (?,?)
Hibernate: insert into point (x,y) values (?,?)
Hibernate: insert into point (x,y) values (?,?)
Hibernate: insert into point (x,y) values (?,?)
Hibernate: insert into point (x,y) values (?,?)
Hibernate: insert into point (x,y) values (?,?)
Hibernate: insert into point (x,y) values (?,?)
]]></system-out>
    <system-err><![CDATA[feb. 21, 2024 1:38:53 PM org.hibernate.Version logVersion
INFO: HHH000412: Hibernate ORM core version 6.2.4.Final
feb. 21, 2024 1:38:53 PM org.hibernate.cfg.Environment <clinit>
INFO: HHH000406: Using bytecode reflection optimizer
feb. 21, 2024 1:38:53 PM org.hibernate.engine.jdbc.connections.internal.DriverManagerConnectionProviderImpl configure
WARN: HHH10001002: Using built-in connection pool (not intended for production use)
SLF4J: Failed to load class "org.slf4j.impl.StaticLoggerBinder".
SLF4J: Defaulting to no-operation (NOP) logger implementation
SLF4J: See http://www.slf4j.org/codes.html#StaticLoggerBinder for further details.
feb. 21, 2024 1:38:53 PM org.hibernate.engine.jdbc.connections.internal.DriverManagerConnectionProviderImpl buildCreator
INFO: HHH10001005: Loaded JDBC driver class: org.testcontainers.jdbc.ContainerDatabaseDriver
feb. 21, 2024 1:38:53 PM org.hibernate.engine.jdbc.connections.internal.DriverManagerConnectionProviderImpl buildCreator
INFO: HHH10001012: Connecting with JDBC URL [jdbc:tc:postgresql:15.3-alpine3.18:///test-db]
feb. 21, 2024 1:38:53 PM org.hibernate.engine.jdbc.connections.internal.DriverManagerConnectionProviderImpl buildCreator
INFO: HHH10001001: Connection properties: {password=****, user=postgres}
feb. 21, 2024 1:38:53 PM org.hibernate.engine.jdbc.connections.internal.DriverManagerConnectionProviderImpl buildCreator
INFO: HHH10001003: Autocommit mode: false
feb. 21, 2024 1:38:53 PM org.hibernate.engine.jdbc.connections.internal.DriverManagerConnectionProviderImpl$PooledConnections <init>
INFO: HHH10001115: Connection pool size: 20 (min=1)
SLF4J: Failed to load class "org.slf4j.impl.StaticMDCBinder".
SLF4J: Defaulting to no-operation MDCAdapter implementation.
SLF4J: See http://www.slf4j.org/codes.html#no_static_mdc_binder for further details.
feb. 21, 2024 1:39:12 PM org.hibernate.bytecode.internal.BytecodeProviderInitiator buildBytecodeProvider
INFO: HHH000021: Bytecode provider name : bytebuddy
feb. 21, 2024 1:39:12 PM org.hibernate.engine.transaction.jta.platform.internal.JtaPlatformInitiator initiateService
INFO: HHH000490: Using JtaPlatform implementation: [org.hibernate.engine.transaction.jta.platform.internal.NoJtaPlatform]
feb. 21, 2024 1:39:12 PM org.hibernate.resource.transaction.backend.jdbc.internal.DdlTransactionIsolatorNonJtaImpl getIsolatedConnection
INFO: HHH10001501: Connection obtained from JdbcConnectionAccess [org.hibernate.engine.jdbc.env.internal.JdbcEnvironmentInitiator$ConnectionProviderJdbcConnectionAccess@3f3a6091] for (non-JTA) DDL execution was not in auto-commit mode; the Connection 'local transaction' will be committed and the Connection will be set into auto-commit mode.
feb. 21, 2024 1:39:12 PM org.hibernate.engine.jdbc.spi.SqlExceptionHelper$StandardWarningHandler logWarning
WARN: SQL Warning Code: 0, SQLState: 00000
feb. 21, 2024 1:39:12 PM org.hibernate.engine.jdbc.spi.SqlExceptionHelper$StandardWarningHandler logWarning
WARN: table "point" does not exist, skipping
feb. 21, 2024 1:39:12 PM org.hibernate.resource.transaction.backend.jdbc.internal.DdlTransactionIsolatorNonJtaImpl getIsolatedConnection
INFO: HHH10001501: Connection obtained from JdbcConnectionAccess [org.hibernate.engine.jdbc.env.internal.JdbcEnvironmentInitiator$ConnectionProviderJdbcConnectionAccess@54ae1240] for (non-JTA) DDL execution was not in auto-commit mode; the Connection 'local transaction' will be committed and the Connection will be set into auto-commit mode.
]]></system-err>
  </testcase>
</testsuite>